#
# There is insufficient memory for the Java Runtime Environment to continue.
# Native memory allocation (malloc) failed to allocate 32744 bytes for ChunkPool::allocate
# Possible reasons:
#   The system is out of physical RAM or swap space
#   The process is running with CompressedOops enabled, and the Java Heap may be blocking the growth of the native heap
# Possible solutions:
#   Reduce memory load on the system
#   Increase physical memory or swap space
#   Check if swap backing store is full
#   Decrease Java heap size (-Xmx/-Xms)
#   Decrease number of Java threads
#   Decrease Java thread stack sizes (-Xss)
#   Set larger code cache with -XX:ReservedCodeCacheSize=
#   JVM is running with Unscaled Compressed Oops mode in which the Java heap is
#     placed in the first 4GB address space. The Java Heap base address is the
#     maximum limit for the native heap growth. Please use -XX:HeapBaseMinAddress
#     to set the Java Heap base and to place the Java Heap above 4GB virtual address.
# This output file may be truncated or incomplete.
#
#  Out of Memory Error (allocation.cpp:272), pid=6272, tid=0x0000000000001d48
#
# JRE version: Java(TM) SE Runtime Environment (8.0_231-b11) (build 1.8.0_231-b11)
# Java VM: Java HotSpot(TM) 64-Bit Server VM (25.231-b11 mixed mode windows-amd64 compressed oops)
# Failed to write core dump. Minidumps are not enabled by default on client versions of Windows
#

---------------  T H R E A D  ---------------

Current thread (0x00000000197fb800):  JavaThread "C2 CompilerThread0" daemon [_thread_in_native, id=7496, stack(0x000000001a0d0000,0x000000001a1d0000)]

Stack: [0x000000001a0d0000,0x000000001a1d0000]
[error occurred during error reporting (printing stack bounds), id 0xc0000005]

Native frames: (J=compiled Java code, j=interpreted, Vv=VM code, C=native code)


Current CompileTask:
C2:   4660 2207   !   4       java.net.URLClassLoader$1::run (63 bytes)


---------------  P R O C E S S  ---------------

Java Threads: ( => current thread )
  0x00000000199e8000 JavaThread "ping-30s" daemon [_thread_blocked, id=14460, stack(0x000000001a7d0000,0x000000001a8d0000)]
  0x00000000199d8000 JavaThread "surefire-forkedjvm-command-thread" daemon [_thread_in_native, id=21912, stack(0x000000001a6d0000,0x000000001a7d0000)]
  0x000000001984d800 JavaThread "Service Thread" daemon [_thread_blocked, id=25660, stack(0x000000001a4d0000,0x000000001a5d0000)]
  0x0000000019809000 JavaThread "C1 CompilerThread3" daemon [_thread_in_native, id=15404, stack(0x000000001a3d0000,0x000000001a4d0000)]
  0x0000000019804800 JavaThread "C2 CompilerThread2" daemon [_thread_blocked, id=28900, stack(0x000000001a2d0000,0x000000001a3d0000)]
  0x00000000197ff000 JavaThread "C2 CompilerThread1" daemon [_thread_in_native, id=29312, stack(0x000000001a1d0000,0x000000001a2d0000)]
=>0x00000000197fb800 JavaThread "C2 CompilerThread0" daemon [_thread_in_native, id=7496, stack(0x000000001a0d0000,0x000000001a1d0000)]
  0x00000000197f9000 JavaThread "Attach Listener" daemon [_thread_blocked, id=29504, stack(0x0000000019fd0000,0x000000001a0d0000)]
  0x00000000197f8000 JavaThread "Signal Dispatcher" daemon [_thread_blocked, id=5872, stack(0x0000000019ed0000,0x0000000019fd0000)]
  0x0000000002b0e000 JavaThread "Finalizer" daemon [_thread_blocked, id=11704, stack(0x0000000019cd0000,0x0000000019dd0000)]
  0x00000000197f0800 JavaThread "Reference Handler" daemon [_thread_blocked, id=11876, stack(0x0000000019bd0000,0x0000000019cd0000)]
  0x0000000002a12800 JavaThread "main" [_thread_in_native, id=21396, stack(0x0000000002910000,0x0000000002a10000)]

Other Threads:
  0x00000000179b9000 VMThread [stack: 0x00000000196d0000,0x00000000197d0000] [id=17096]
  0x000000001984f800 WatcherThread [stack: 0x000000001a5d0000,0x000000001a6d0000] [id=14800]

VM state:not at safepoint (normal execution)

VM Mutex/Monitor currently owned by a thread: None

heap address: 0x0000000083000000, size: 2000 MB, Compressed Oops mode: 32-bit
Narrow klass base: 0x0000000000000000, Narrow klass shift: 3
Compressed class space size: 1073741824 Address: 0x0000000100000000

Heap:
 PSYoungGen      total 70144K, used 30108K [0x00000000d6580000, 0x00000000dea80000, 0x0000000100000000)
  eden space 62976K, 36% used [0x00000000d6580000,0x00000000d7beda78,0x00000000da300000)
  from space 7168K, 99% used [0x00000000dac80000,0x00000000db379798,0x00000000db380000)
  to   space 9728K, 0% used [0x00000000da300000,0x00000000da300000,0x00000000dac80000)
 ParOldGen       total 45568K, used 6969K [0x0000000083000000, 0x0000000085c80000, 0x00000000d6580000)
  object space 45568K, 15% used [0x0000000083000000,0x00000000836ce7f8,0x0000000085c80000)
 Metaspace       used 27645K, capacity 28454K, committed 28672K, reserved 1075200K
  class space    used 3609K, capacity 3811K, committed 3840K, reserved 1048576K

Card table byte_map: [0x0000000011ed0000,0x00000000122c0000] byte_map_base: 0x0000000011ab8000

Marking Bits: (ParMarkBitMap*) 0x00000000565f6d90
 Begin Bits: [0x0000000012d60000, 0x0000000014ca0000)
 End Bits:   [0x0000000014ca0000, 0x0000000016be0000)

Polling page: 0x00000000026a0000

CodeCache: size=245760Kb used=7846Kb max_used=7846Kb free=237913Kb
 bounds [0x0000000002b10000, 0x00000000032c0000, 0x0000000011b10000]
 total_blobs=2662 nmethods=2244 adapters=330
 compilation: enabled

Compilation events (10 events):
Event: 4.649 Thread 0x0000000019809000 nmethod 2242 0x00000000032b9050 code [0x00000000032b9200, 0x00000000032b97f8]
Event: 4.649 Thread 0x0000000019809000 2243       3       org.springframework.util.ConcurrentReferenceHashMap$Segment$1::add (55 bytes)
Event: 4.649 Thread 0x0000000019809000 nmethod 2243 0x00000000032b9a10 code [0x00000000032b9bc0, 0x00000000032ba0c8]
Event: 4.652 Thread 0x0000000019809000 2244       3       java.beans.MethodDescriptor::<init> (7 bytes)
Event: 4.652 Thread 0x0000000019809000 nmethod 2244 0x00000000032ba3d0 code [0x00000000032ba540, 0x00000000032ba6c8]
Event: 4.652 Thread 0x0000000019809000 2246       3       java.lang.reflect.Modifier::toString (202 bytes)
Event: 4.654 Thread 0x0000000019809000 nmethod 2246 0x00000000032ba750 code [0x00000000032baa40, 0x00000000032bc198]
Event: 4.654 Thread 0x0000000019809000 2245       3       java.beans.MethodDescriptor::<init> (48 bytes)
Event: 4.654 Thread 0x0000000019809000 nmethod 2245 0x00000000032bc8d0 code [0x00000000032bca80, 0x00000000032bd1f8]
Event: 4.654 Thread 0x0000000019809000 2247       3       java.lang.reflect.Method::specificToGenericStringHeader (48 bytes)

GC Heap History (10 events):
Event: 2.834 GC heap before
{Heap before GC invocations=5 (full 0):
 PSYoungGen      total 37888K, used 37841K [0x00000000d6580000, 0x00000000daf80000, 0x0000000100000000)
  eden space 32768K, 100% used [0x00000000d6580000,0x00000000d8580000,0x00000000d8580000)
  from space 5120K, 99% used [0x00000000d8a80000,0x00000000d8f74508,0x00000000d8f80000)
  to   space 5120K, 0% used [0x00000000d8580000,0x00000000d8580000,0x00000000d8a80000)
 ParOldGen       total 86016K, used 666K [0x0000000083000000, 0x0000000088400000, 0x00000000d6580000)
  object space 86016K, 0% used [0x0000000083000000,0x00000000830a6800,0x0000000088400000)
 Metaspace       used 17643K, capacity 18140K, committed 18304K, reserved 1064960K
  class space    used 2255K, capacity 2414K, committed 2432K, reserved 1048576K
Event: 2.840 GC heap after
Heap after GC invocations=5 (full 0):
 PSYoungGen      total 37888K, used 5100K [0x00000000d6580000, 0x00000000db380000, 0x0000000100000000)
  eden space 32768K, 0% used [0x00000000d6580000,0x00000000d6580000,0x00000000d8580000)
  from space 5120K, 99% used [0x00000000d8580000,0x00000000d8a7b228,0x00000000d8a80000)
  to   space 7168K, 0% used [0x00000000dac80000,0x00000000dac80000,0x00000000db380000)
 ParOldGen       total 86016K, used 1944K [0x0000000083000000, 0x0000000088400000, 0x00000000d6580000)
  object space 86016K, 2% used [0x0000000083000000,0x00000000831e6388,0x0000000088400000)
 Metaspace       used 17643K, capacity 18140K, committed 18304K, reserved 1064960K
  class space    used 2255K, capacity 2414K, committed 2432K, reserved 1048576K
}
Event: 3.088 GC heap before
{Heap before GC invocations=6 (full 0):
 PSYoungGen      total 37888K, used 37868K [0x00000000d6580000, 0x00000000db380000, 0x0000000100000000)
  eden space 32768K, 100% used [0x00000000d6580000,0x00000000d8580000,0x00000000d8580000)
  from space 5120K, 99% used [0x00000000d8580000,0x00000000d8a7b228,0x00000000d8a80000)
  to   space 7168K, 0% used [0x00000000dac80000,0x00000000dac80000,0x00000000db380000)
 ParOldGen       total 86016K, used 1944K [0x0000000083000000, 0x0000000088400000, 0x00000000d6580000)
  object space 86016K, 2% used [0x0000000083000000,0x00000000831e6388,0x0000000088400000)
 Metaspace       used 20361K, capacity 20996K, committed 21248K, reserved 1067008K
  class space    used 2597K, capacity 2752K, committed 2816K, reserved 1048576K
Event: 3.098 GC heap after
Heap after GC invocations=6 (full 0):
 PSYoungGen      total 71680K, used 7140K [0x00000000d6580000, 0x00000000db580000, 0x0000000100000000)
  eden space 64512K, 0% used [0x00000000d6580000,0x00000000d6580000,0x00000000da480000)
  from space 7168K, 99% used [0x00000000dac80000,0x00000000db379390,0x00000000db380000)
  to   space 8192K, 0% used [0x00000000da480000,0x00000000da480000,0x00000000dac80000)
 ParOldGen       total 86016K, used 2209K [0x0000000083000000, 0x0000000088400000, 0x00000000d6580000)
  object space 86016K, 2% used [0x0000000083000000,0x0000000083228788,0x0000000088400000)
 Metaspace       used 20361K, capacity 20996K, committed 21248K, reserved 1067008K
  class space    used 2597K, capacity 2752K, committed 2816K, reserved 1048576K
}
Event: 3.130 GC heap before
{Heap before GC invocations=7 (full 0):
 PSYoungGen      total 71680K, used 10661K [0x00000000d6580000, 0x00000000db580000, 0x0000000100000000)
  eden space 64512K, 5% used [0x00000000d6580000,0x00000000d68f0248,0x00000000da480000)
  from space 7168K, 99% used [0x00000000dac80000,0x00000000db379390,0x00000000db380000)
  to   space 8192K, 0% used [0x00000000da480000,0x00000000da480000,0x00000000dac80000)
 ParOldGen       total 86016K, used 2209K [0x0000000083000000, 0x0000000088400000, 0x00000000d6580000)
  object space 86016K, 2% used [0x0000000083000000,0x0000000083228788,0x0000000088400000)
 Metaspace       used 20605K, capacity 21174K, committed 21248K, reserved 1067008K
  class space    used 2630K, capacity 2763K, committed 2816K, reserved 1048576K
Event: 3.148 GC heap after
Heap after GC invocations=7 (full 0):
 PSYoungGen      total 72704K, used 2562K [0x00000000d6580000, 0x00000000db580000, 0x0000000100000000)
  eden space 64512K, 0% used [0x00000000d6580000,0x00000000d6580000,0x00000000da480000)
  from space 8192K, 31% used [0x00000000da480000,0x00000000da700bc8,0x00000000dac80000)
  to   space 7168K, 0% used [0x00000000dac80000,0x00000000dac80000,0x00000000db380000)
 ParOldGen       total 86016K, used 4835K [0x0000000083000000, 0x0000000088400000, 0x00000000d6580000)
  object space 86016K, 5% used [0x0000000083000000,0x00000000834b8dd0,0x0000000088400000)
 Metaspace       used 20605K, capacity 21174K, committed 21248K, reserved 1067008K
  class space    used 2630K, capacity 2763K, committed 2816K, reserved 1048576K
}
Event: 3.148 GC heap before
{Heap before GC invocations=8 (full 1):
 PSYoungGen      total 72704K, used 2562K [0x00000000d6580000, 0x00000000db580000, 0x0000000100000000)
  eden space 64512K, 0% used [0x00000000d6580000,0x00000000d6580000,0x00000000da480000)
  from space 8192K, 31% used [0x00000000da480000,0x00000000da700bc8,0x00000000dac80000)
  to   space 7168K, 0% used [0x00000000dac80000,0x00000000dac80000,0x00000000db380000)
 ParOldGen       total 86016K, used 4835K [0x0000000083000000, 0x0000000088400000, 0x00000000d6580000)
  object space 86016K, 5% used [0x0000000083000000,0x00000000834b8dd0,0x0000000088400000)
 Metaspace       used 20605K, capacity 21174K, committed 21248K, reserved 1067008K
  class space    used 2630K, capacity 2763K, committed 2816K, reserved 1048576K
Event: 3.207 GC heap after
Heap after GC invocations=8 (full 1):
 PSYoungGen      total 72704K, used 0K [0x00000000d6580000, 0x00000000db580000, 0x0000000100000000)
  eden space 64512K, 0% used [0x00000000d6580000,0x00000000d6580000,0x00000000da480000)
  from space 8192K, 0% used [0x00000000da480000,0x00000000da480000,0x00000000dac80000)
  to   space 7168K, 0% used [0x00000000dac80000,0x00000000dac80000,0x00000000db380000)
 ParOldGen       total 45568K, used 5033K [0x0000000083000000, 0x0000000085c80000, 0x00000000d6580000)
  object space 45568K, 11% used [0x0000000083000000,0x00000000834ea630,0x0000000085c80000)
 Metaspace       used 20605K, capacity 21174K, committed 21248K, reserved 1067008K
  class space    used 2630K, capacity 2763K, committed 2816K, reserved 1048576K
}
Event: 4.425 GC heap before
{Heap before GC invocations=9 (full 1):
 PSYoungGen      total 72704K, used 64512K [0x00000000d6580000, 0x00000000db580000, 0x0000000100000000)
  eden space 64512K, 100% used [0x00000000d6580000,0x00000000da480000,0x00000000da480000)
  from space 8192K, 0% used [0x00000000da480000,0x00000000da480000,0x00000000dac80000)
  to   space 7168K, 0% used [0x00000000dac80000,0x00000000dac80000,0x00000000db380000)
 ParOldGen       total 45568K, used 5033K [0x0000000083000000, 0x0000000085c80000, 0x00000000d6580000)
  object space 45568K, 11% used [0x0000000083000000,0x00000000834ea630,0x0000000085c80000)
 Metaspace       used 27029K, capacity 27766K, committed 28032K, reserved 1073152K
  class space    used 3528K, capacity 3699K, committed 3712K, reserved 1048576K
Event: 4.434 GC heap after
Heap after GC invocations=9 (full 1):
 PSYoungGen      total 70144K, used 7141K [0x00000000d6580000, 0x00000000dea80000, 0x0000000100000000)
  eden space 62976K, 0% used [0x00000000d6580000,0x00000000d6580000,0x00000000da300000)
  from space 7168K, 99% used [0x00000000dac80000,0x00000000db379798,0x00000000db380000)
  to   space 9728K, 0% used [0x00000000da300000,0x00000000da300000,0x00000000dac80000)
 ParOldGen       total 45568K, used 6969K [0x0000000083000000, 0x0000000085c80000, 0x00000000d6580000)
  object space 45568K, 15% used [0x0000000083000000,0x00000000836ce7f8,0x0000000085c80000)
 Metaspace       used 27029K, capacity 27766K, committed 28032K, reserved 1073152K
  class space    used 3528K, capacity 3699K, committed 3712K, reserved 1048576K
}

Deoptimization events (10 events):
Event: 3.370 Thread 0x0000000002a12800 Uncommon trap: reason=unstable_if action=reinterpret pc=0x0000000002fe7650 method=java.util.jar.JarFile.maybeInstantiateVerifier()V @ 21
Event: 3.401 Thread 0x000000001c09e000 Uncommon trap: reason=unstable_if action=reinterpret pc=0x0000000002fc5724 method=jdk.internal.org.objectweb.asm.Type.getArgumentsAndReturnSizes(Ljava/lang/String;)I @ 47
Event: 4.112 Thread 0x000000001c09e000 Uncommon trap: reason=unstable_if action=reinterpret pc=0x0000000003111da0 method=com.sun.org.apache.xerces.internal.impl.XMLEntityScanner.scanLiteral(ILcom/sun/org/apache/xerces/internal/xni/XMLString;Z)I @ 570
Event: 4.149 Thread 0x000000001c09e000 Uncommon trap: reason=unstable_if action=reinterpret pc=0x00000000031333dc method=com.sun.org.apache.xerces.internal.impl.XMLEntityScanner.skipSpaces()Z @ 125
Event: 4.174 Thread 0x000000001c09e000 Uncommon trap: reason=unstable_if action=reinterpret pc=0x000000000313b188 method=com.sun.org.apache.xerces.internal.util.SymbolTable.addSymbol([CII)Ljava/lang/String; @ 38
Event: 4.175 Thread 0x000000001c09e000 Uncommon trap: reason=unstable_if action=reinterpret pc=0x000000000315b950 method=com.sun.org.apache.xerces.internal.impl.XMLEntityScanner.scanLiteral(ILcom/sun/org/apache/xerces/internal/xni/XMLString;Z)I @ 44
Event: 4.316 Thread 0x000000001c09e000 Uncommon trap: reason=unstable_if action=reinterpret pc=0x0000000002ff5514 method=sun.misc.ASCIICaseInsensitiveComparator.compare(Ljava/lang/String;Ljava/lang/String;)I @ 83
Event: 4.456 Thread 0x0000000002a12800 Uncommon trap: reason=bimorphic action=maybe_recompile pc=0x0000000002e9fac4 method=java.util.HashMap.putVal(ILjava/lang/Object;Ljava/lang/Object;ZZ)Ljava/lang/Object; @ 203
Event: 4.544 Thread 0x0000000002a12800 Uncommon trap: reason=unstable_if action=reinterpret pc=0x0000000002f1c4f4 method=org.springframework.util.ConcurrentReferenceHashMap$Segment.restructureIfNecessary(Z)V @ 41
Event: 4.580 Thread 0x0000000002a12800 Uncommon trap: reason=bimorphic action=maybe_recompile pc=0x0000000002ea2728 method=java.util.HashMap.putVal(ILjava/lang/Object;Ljava/lang/Object;ZZ)Ljava/lang/Object; @ 203

Classes redefined (0 events):
No events

Internal exceptions (10 events):
Event: 4.639 Thread 0x0000000002a12800 Exception <a 'java/lang/ClassNotFoundException': java/lang/ObjectCustomizer> (0x00000000d7935638) thrown at [C:\re\workspace\8-2-build-windows-amd64-cygwin\jdk8u231\13620\hotspot\src\share\vm\classfile\systemDictionary.cpp, line 210]
Event: 4.641 Thread 0x0000000002a12800 Exception <a 'java/lang/ClassNotFoundException': org/springframework/context/event/EventListenerMethodProcessorCustomizer> (0x00000000d796d700) thrown at [C:\re\workspace\8-2-build-windows-amd64-cygwin\jdk8u231\13620\hotspot\src\share\vm\classfile\systemD
Event: 4.642 Thread 0x0000000002a12800 Exception <a 'java/lang/ClassNotFoundException': org/springframework/beans/factory/SmartInitializingSingletonCustomizer> (0x00000000d79a44f0) thrown at [C:\re\workspace\8-2-build-windows-amd64-cygwin\jdk8u231\13620\hotspot\src\share\vm\classfile\systemDic
Event: 4.643 Thread 0x0000000002a12800 Exception <a 'java/lang/ClassNotFoundException': org/springframework/context/ApplicationContextAwareCustomizer> (0x00000000d79d3a78) thrown at [C:\re\workspace\8-2-build-windows-amd64-cygwin\jdk8u231\13620\hotspot\src\share\vm\classfile\systemDictionary.c
Event: 4.644 Thread 0x0000000002a12800 Exception <a 'java/lang/ClassNotFoundException': java/lang/ObjectCustomizer> (0x00000000d79e61b0) thrown at [C:\re\workspace\8-2-build-windows-amd64-cygwin\jdk8u231\13620\hotspot\src\share\vm\classfile\systemDictionary.cpp, line 210]
Event: 4.645 Thread 0x0000000002a12800 Exception <a 'java/lang/ClassNotFoundException': org/springframework/context/event/DefaultEventListenerFactoryCustomizer> (0x00000000d7a1d7c0) thrown at [C:\re\workspace\8-2-build-windows-amd64-cygwin\jdk8u231\13620\hotspot\src\share\vm\classfile\systemDi
Event: 4.646 Thread 0x0000000002a12800 Exception <a 'java/lang/ClassNotFoundException': org/springframework/context/event/EventListenerFactoryCustomizer> (0x00000000d7a54fe0) thrown at [C:\re\workspace\8-2-build-windows-amd64-cygwin\jdk8u231\13620\hotspot\src\share\vm\classfile\systemDictionar
Event: 4.647 Thread 0x0000000002a12800 Exception <a 'java/lang/ClassNotFoundException': org/springframework/core/OrderedCustomizer> (0x00000000d7a7b7b0) thrown at [C:\re\workspace\8-2-build-windows-amd64-cygwin\jdk8u231\13620\hotspot\src\share\vm\classfile\systemDictionary.cpp, line 210]
Event: 4.652 Thread 0x0000000002a12800 Exception <a 'java/lang/ClassNotFoundException': java/lang/ObjectCustomizer> (0x00000000d7ab7038) thrown at [C:\re\workspace\8-2-build-windows-amd64-cygwin\jdk8u231\13620\hotspot\src\share\vm\classfile\systemDictionary.cpp, line 210]
Event: 4.654 Thread 0x0000000002a12800 Exception <a 'java/lang/ClassNotFoundException': org/springframework/cloud/bootstrap/config/PropertySourceBootstrapConfigurationCustomizer> (0x00000000d7af7a60) thrown at [C:\re\workspace\8-2-build-windows-amd64-cygwin\jdk8u231\13620\hotspot\src\share\vm\

Events (10 events):
Event: 4.652 loading class org/springframework/cloud/bootstrap/config/PropertySourceBootstrapConfigurationCustomizer
Event: 4.652 loading class org/springframework/cloud/bootstrap/config/PropertySourceBootstrapConfigurationCustomizer done
Event: 4.653 loading class org/springframework/cloud/bootstrap/config/PropertySourceBootstrapConfigurationCustomizer
Event: 4.653 loading class org/springframework/cloud/bootstrap/config/PropertySourceBootstrapConfigurationCustomizer done
Event: 4.654 loading class org/springframework/cloud/bootstrap/config/PropertySourceBootstrapConfigurationCustomizer
Event: 4.654 loading class org/springframework/cloud/bootstrap/config/PropertySourceBootstrapConfigurationCustomizer done
Event: 4.654 loading class org/springframework/cloud/bootstrap/config/PropertySourceBootstrapConfiguration$$EnhancerBySpringCGLIB$$f43a68c1Customizer
Event: 4.654 loading class org/springframework/cloud/bootstrap/config/PropertySourceBootstrapConfiguration$$EnhancerBySpringCGLIB$$f43a68c1Customizer done
Event: 4.655 loading class org/springframework/cloud/bootstrap/config/PropertySourceBootstrapConfiguration$$EnhancerBySpringCGLIB$$f43a68c1Customizer
Event: 4.655 loading class org/springframework/cloud/bootstrap/config/PropertySourceBootstrapConfiguration$$EnhancerBySpringCGLIB$$f43a68c1Customizer done


Dynamic libraries:
0x00007ff7625a0000 - 0x00007ff7625d7000 	C:\Program Files\Java\jdk1.8.0_231\jre\bin\java.exe
0x00007ff8e1b20000 - 0x00007ff8e1d10000 	C:\windows\SYSTEM32\ntdll.dll
0x00007ff8e0a60000 - 0x00007ff8e0b12000 	C:\windows\System32\KERNEL32.DLL
0x00007ff8debc0000 - 0x00007ff8dee64000 	C:\windows\System32\KERNELBASE.dll
0x00000000599e0000 - 0x0000000059a73000 	C:\windows\System32\SYSFER.DLL
0x00007ff8e03a0000 - 0x00007ff8e0443000 	C:\windows\System32\ADVAPI32.dll
0x00007ff8e0920000 - 0x00007ff8e09be000 	C:\windows\System32\msvcrt.dll
0x00007ff8e09c0000 - 0x00007ff8e0a57000 	C:\windows\System32\sechost.dll
0x00007ff8e14e0000 - 0x00007ff8e1600000 	C:\windows\System32\RPCRT4.dll
0x00007ff8e0020000 - 0x00007ff8e01b4000 	C:\windows\System32\USER32.dll
0x00007ff8df990000 - 0x00007ff8df9b1000 	C:\windows\System32\win32u.dll
0x00007ff8e1ab0000 - 0x00007ff8e1ad6000 	C:\windows\System32\GDI32.dll
0x00007ff8dee70000 - 0x00007ff8df004000 	C:\windows\System32\gdi32full.dll
0x00007ff8deb20000 - 0x00007ff8debbe000 	C:\windows\System32\msvcp_win.dll
0x00007ff8dfa40000 - 0x00007ff8dfb3a000 	C:\windows\System32\ucrtbase.dll
0x00007ff8d1550000 - 0x00007ff8d17d4000 	C:\windows\WinSxS\amd64_microsoft.windows.common-controls_6595b64144ccf1df_6.0.18362.836_none_e6c4b943130f18ed\COMCTL32.dll
0x00007ff8e1770000 - 0x00007ff8e1aa6000 	C:\windows\System32\combase.dll
0x00007ff8df9c0000 - 0x00007ff8dfa40000 	C:\windows\System32\bcryptPrimitives.dll
0x00007ff8e01c0000 - 0x00007ff8e01ee000 	C:\windows\System32\IMM32.DLL
0x00007ff8de430000 - 0x00007ff8de54f000 	C:\Program Files\Avecto\Privilege Guard Client\PGHook.dll
0x00007ff8e0cd0000 - 0x00007ff8e13b4000 	C:\windows\System32\shell32.dll
0x00007ff8dead0000 - 0x00007ff8deb1a000 	C:\windows\System32\cfgmgr32.dll
0x00007ff8e13c0000 - 0x00007ff8e1469000 	C:\windows\System32\shcore.dll
0x00007ff8df210000 - 0x00007ff8df98e000 	C:\windows\System32\windows.storage.dll
0x00007ff8dea60000 - 0x00007ff8dea83000 	C:\windows\System32\profapi.dll
0x00007ff8dea10000 - 0x00007ff8dea5a000 	C:\windows\System32\powrprof.dll
0x00007ff8de9e0000 - 0x00007ff8de9f0000 	C:\windows\System32\UMPDC.dll
0x00007ff8e0200000 - 0x00007ff8e0252000 	C:\windows\System32\shlwapi.dll
0x00007ff8de9f0000 - 0x00007ff8dea01000 	C:\windows\System32\kernel.appcore.dll
0x00007ff8deab0000 - 0x00007ff8deac7000 	C:\windows\System32\cryptsp.dll
0x00007ff8de2f0000 - 0x00007ff8de323000 	C:\windows\system32\rsaenh.dll
0x00007ff8dfb40000 - 0x00007ff8dfb66000 	C:\windows\System32\bcrypt.dll
0x00007ff8de2e0000 - 0x00007ff8de2ec000 	C:\windows\SYSTEM32\CRYPTBASE.dll
0x0000000068000000 - 0x000000006806c000 	C:\windows\System32\QIPCAP64.dll
0x00007ff8dddb0000 - 0x00007ff8dde7b000 	C:\windows\SYSTEM32\DNSAPI.dll
0x00007ff8e1470000 - 0x00007ff8e14df000 	C:\windows\System32\WS2_32.dll
0x00007ff8dfed0000 - 0x00007ff8dfed8000 	C:\windows\System32\NSI.dll
0x00007ff8ddd60000 - 0x00007ff8ddd9a000 	C:\windows\SYSTEM32\IPHLPAPI.DLL
0x0000000057ad0000 - 0x0000000057ba2000 	C:\Program Files\Java\jdk1.8.0_231\jre\bin\msvcr100.dll
0x0000000055dd0000 - 0x0000000056676000 	C:\Program Files\Java\jdk1.8.0_231\jre\bin\server\jvm.dll
0x00007ff8dfee0000 - 0x00007ff8dfee8000 	C:\windows\System32\PSAPI.DLL
0x00007ff8c7ee0000 - 0x00007ff8c7ee9000 	C:\windows\SYSTEM32\WSOCK32.dll
0x00007ff8cda70000 - 0x00007ff8cda94000 	C:\windows\SYSTEM32\WINMM.dll
0x00007ff8d8790000 - 0x00007ff8d879a000 	C:\windows\SYSTEM32\VERSION.dll
0x00007ff8cda40000 - 0x00007ff8cda6d000 	C:\windows\SYSTEM32\WINMMBASE.dll
0x00007ff8db2e0000 - 0x00007ff8db2ef000 	C:\Program Files\Java\jdk1.8.0_231\jre\bin\verify.dll
0x00007ff8d3d80000 - 0x00007ff8d3da9000 	C:\Program Files\Java\jdk1.8.0_231\jre\bin\java.dll
0x00007ff8d84b0000 - 0x00007ff8d84c6000 	C:\Program Files\Java\jdk1.8.0_231\jre\bin\zip.dll
0x00007ff8d4180000 - 0x00007ff8d418d000 	C:\Program Files\Java\jdk1.8.0_231\jre\bin\management.dll
0x00007ff8d4130000 - 0x00007ff8d414a000 	C:\Program Files\Java\jdk1.8.0_231\jre\bin\net.dll
0x00007ff8de0a0000 - 0x00007ff8de107000 	C:\windows\system32\mswsock.dll
0x00007ff8d4090000 - 0x00007ff8d40a2000 	C:\Program Files\Java\jdk1.8.0_231\jre\bin\nio.dll
0x00007ff8da600000 - 0x00007ff8da616000 	C:\windows\SYSTEM32\dhcpcsvc6.DLL
0x00007ff8d9d30000 - 0x00007ff8d9d4c000 	C:\windows\SYSTEM32\dhcpcsvc.DLL
0x00007ff8d5ca0000 - 0x00007ff8d5caa000 	C:\Windows\System32\rasadhlp.dll
0x00007ff8d9290000 - 0x00007ff8d9307000 	C:\windows\System32\fwpuclnt.dll
0x00007ff8c7ec0000 - 0x00007ff8c7ed6000 	C:\windows\system32\napinsp.dll
0x00007ff8c8110000 - 0x00007ff8c812a000 	C:\windows\system32\pnrpnsp.dll
0x00007ff8c8130000 - 0x00007ff8c813e000 	C:\windows\System32\winrnr.dll
0x00007ff8d83b0000 - 0x00007ff8d83cc000 	C:\windows\system32\NLAapi.dll
0x00007ff8da460000 - 0x00007ff8da475000 	C:\windows\system32\wshbth.dll

VM Arguments:
java_command: C:\Users\RLIBER~1.MAR\AppData\Local\Temp\surefire8686792519986554006\surefirebooter2833335998429935080.jar C:\Users\r.libera.marzochi\AppData\Local\Temp\surefire8686792519986554006 2020-05-29T18-23-33_287-jvmRun1 surefire7193769532157758829tmp surefire_071456176787671662tmp
java_class_path (initial): C:\Users\RLIBER~1.MAR\AppData\Local\Temp\surefire8686792519986554006\surefirebooter2833335998429935080.jar
Launcher Type: SUN_STANDARD

Environment Variables:
JAVA_HOME=C:\Program Files\Java\jdk1.8.0_231
PATH=C:/Program Files/Java/jre1.8.0_251/bin/server;C:/Program Files/Java/jre1.8.0_251/bin;C:/Program Files/Java/jre1.8.0_251/lib/amd64;C:\Python38\Scripts\;C:\Python38\;C:\Program Files (x86)\Common Files\Oracle\Java\javapath;C:\windows\system32;C:\windows;C:\windows\System32\Wbem;C:\windows\System32\WindowsPowerShell\v1.0\;C:\windows\System32\OpenSSH\;C:\Program Files\PuTTY\;C:\Program Files\Java\jdk1.8.0_231\bin;C:\apache-maven-3.6.3\bin;C:\Program Files\Java\graalvm-ee-java8-19.3.0.2\bin;C:\Program Files\nodejs\;C:\ProgramData\chocolatey\bin;C:\Users\r.libera.marzochi\AppData\Local\Microsoft\WindowsApps;C:\Program Files\JetBrains\IntelliJ IDEA 2019.3.1\bin;;C:\Program Files\JetBrains\IntelliJ IDEA Community Edition 2019.2\bin;;C:\Users\r.libera.marzochi\AppData\Local\Programs\Git\cmd;C:\Users\r.libera.marzochi\AppData\Roaming\npm;C:\Users\r.libera.marzochi\Desktop;
USERNAME=r.libera.marzochi
OS=Windows_NT
PROCESSOR_IDENTIFIER=Intel64 Family 6 Model 142 Stepping 12, GenuineIntel



---------------  S Y S T E M  ---------------

OS: Windows 10.0 , 64 bit Build 18362 (10.0.18362.778)

CPU:total 8 (initial active 8) (4 cores per cpu, 2 threads per core) family 6 model 142 stepping 12, cmov, cx8, fxsr, mmx, sse, sse2, sse3, ssse3, sse4.1, sse4.2, popcnt, avx, avx2, aes, clmul, erms, 3dnowpref, lzcnt, ht, tsc, tscinvbit, bmi1, bmi2, adx

Memory: 4k page, physical 8190232k(751896k free), swap 23583636k(3148k free)

vm_info: Java HotSpot(TM) 64-Bit Server VM (25.231-b11) for windows-amd64 JRE (1.8.0_231-b11), built on Oct  5 2019 03:11:30 by "java_re" with MS VC++ 10.0 (VS2010)

time: Fri May 29 18:23:40 2020
timezone: Romance Daylight Time
elapsed time: 4 seconds (0d 0h 0m 4s)

